<?xml version="1.0" encoding="UTF-8"?>
<!-- Generated by org.testng.reporters.JUnitReportReporter -->
<testsuite hostname="DESKTOP-N6ANS52" failures="0" tests="2" name="timeClockFeature.TestClockInClockOut" time="11.633" errors="0" timestamp="12 Apr 2019 13:17:08 GMT" skipped="0">
  <testcase classname="timeClockFeature.TestClockInClockOut" name="testSetPosition" time="6.466"/>
  <testcase classname="timeClockFeature.TestClockInClockOut" name="testCancelSettingPosition" time="5.167"/>
</testsuite> <!-- timeClockFeature.TestClockInClockOut -->
