<?xml version="1.0" encoding="UTF-8"?>
<!-- Generated by org.testng.reporters.JUnitReportReporter -->
<testsuite hostname="DESKTOP-N6ANS52" failures="0" tests="2" name="time.TestTime" time="6.729" errors="0" timestamp="11 Apr 2019 14:31:19 GMT" skipped="0">
  <testcase classname="time.TestTime" name="testClockInClockOut" time="3.678"/>
  <testcase classname="time.TestTime" name="test2" time="3.051"/>
</testsuite> <!-- time.TestTime -->
