<?xml version="1.0" encoding="UTF-8"?>
<!-- Generated by org.testng.reporters.JUnitReportReporter -->
<testsuite hostname="DESKTOP-N6ANS52" failures="0" tests="4" name="timeClockFeature.TestInputNotePositionAndBreak" time="26.313" errors="0" timestamp="12 Apr 2019 13:51:20 GMT" skipped="0">
  <testcase classname="timeClockFeature.TestInputNotePositionAndBreak" name="testAddNote" time="8.324"/>
  <testcase classname="timeClockFeature.TestInputNotePositionAndBreak" name="testSetPosition" time="5.920"/>
  <testcase classname="timeClockFeature.TestInputNotePositionAndBreak" name="testCancelSettingPosition" time="5.256"/>
  <testcase classname="timeClockFeature.TestInputNotePositionAndBreak" name="testAddBrake" time="6.813"/>
</testsuite> <!-- timeClockFeature.TestInputNotePositionAndBreak -->
